* installing *source* package 'homelessR' ...
** using staged installation
** R
** data
*** moving datasets to lazyload DB
** byte-compile and prepare package for lazy loading
Warning: replacing previous import 'dplyr::last' by 'gdata::last' when loading 'homelessR'
Warning: replacing previous import 'dplyr::combine' by 'gdata::combine' when loading 'homelessR'
Warning: replacing previous import 'dplyr::first' by 'gdata::first' when loading 'homelessR'
Warning: replacing previous import 'magrittr::extract' by 'tidyr::extract' when loading 'homelessR'
** help
*** installing help indices
** building package indices
** testing if installed package can be loaded from temporary location
Warning: replacing previous import 'dplyr::last' by 'gdata::last' when loading 'homelessR'
Warning: replacing previous import 'dplyr::combine' by 'gdata::combine' when loading 'homelessR'
Warning: replacing previous import 'dplyr::first' by 'gdata::first' when loading 'homelessR'
Warning: replacing previous import 'magrittr::extract' by 'tidyr::extract' when loading 'homelessR'
** testing if installed package can be loaded from final location
Warning: replacing previous import 'dplyr::last' by 'gdata::last' when loading 'homelessR'
Warning: replacing previous import 'dplyr::combine' by 'gdata::combine' when loading 'homelessR'
Warning: replacing previous import 'dplyr::first' by 'gdata::first' when loading 'homelessR'
Warning: replacing previous import 'magrittr::extract' by 'tidyr::extract' when loading 'homelessR'
** testing if installed package keeps a record of temporary installation path
* DONE (homelessR)
